
. summarize wage if female == 1

    Variable |        Obs        Mean    Std. Dev.       Min        Max
-------------+---------------------------------------------------------
        wage |        725    47644.76    32694.44   2242.335   355079.6

. summarize wage if female == 0

    Variable |        Obs        Mean    Std. Dev.       Min        Max
-------------+---------------------------------------------------------
        wage |      1,704    62580.26    43337.33   2113.569   608707.9

. regress wage female

      Source |       SS           df       MS      Number of obs   =     2,429
-------------+----------------------------------   F(1, 2427)      =     69.32
       Model |  1.1345e+11         1  1.1345e+11   Prob > F        =    0.0000
    Residual |  3.9723e+12     2,427  1.6367e+09   R-squared       =    0.0278
-------------+----------------------------------   Adj R-squared   =    0.0274
       Total |  4.0858e+12     2,428  1.6828e+09   Root MSE        =     40457

------------------------------------------------------------------------------
        wage |      Coef.   Std. Err.      t    P>|t|     [95% Conf. Interval]
-------------+----------------------------------------------------------------
      female |   -14935.5   1793.902    -8.33   0.000    -18453.24   -11417.77
       _cons |   62580.26    980.063    63.85   0.000     60658.41    64502.11
------------------------------------------------------------------------------
