. gen age = 2023 - birthyear

. summarize age

    Variable |        Obs        Mean    Std. Dev.       Min        Max
-------------+---------------------------------------------------------
         age |      2,429    48.20585      10.584         33         68

. gen ln_wage = ln(wage)

. regress ln_wage age schooling_yr

      Source |       SS           df       MS      Number of obs   =     2,429
-------------+----------------------------------   F(2, 2426)      =     33.05
       Model |  37.4492937         2  18.7246468   Prob > F        =    0.0000
    Residual |  1374.39397     2,426  .566526782   R-squared       =    0.0265
-------------+----------------------------------   Adj R-squared   =    0.0257
       Total |  1411.84327     2,428  .581484047   Root MSE        =    .75268

------------------------------------------------------------------------------
     ln_wage |      Coef.   Std. Err.      t    P>|t|     [95% Conf. Interval]
-------------+----------------------------------------------------------------
         age |   .0027053    .001456     1.86   0.063    -.0001498    .0055605
schooling_yr |   .0425877   .0052633     8.09   0.000     .0322666    .0529088
       _cons |   10.26689   .0867829   118.31   0.000     10.09671    10.43707
------------------------------------------------------------------------------
