[]
[(0,0), (0,0), (0,0), (0,0), (0,0), (0,0), (0,0), (0,0), (0,0), (0,0), (1,2)]
[(3,4), (0,0), (0,0), (0,0), (0,0), (0,0), (0,0), (0,0), (0,0), (0,0), (1,2)]
[(0,0), (0,0), (0,0), (0,0), (0,0), (0,0), (0,0), (0,0), (0,0), (0,0), (1,2), (5,6)]
(0,0)
[(0,0), (0,0), (0,0), (0,0), (0,0), (0,0), (0,0), (0,0), (0,0), (0,0), (1,2), (5,6), (9,10)]
[(0,0), (0,0), (0,0), (0,0), (0,0), (0,0), (0,0), (0,0), (0,0), (0,0), (1,2), (5,6)]
[(0,0), (0,0), (0,0), (0,0), (0,0), (0,0), (0,0), (0,0), (0,0), (0,0), (1,2)]
[(0,0), (0,0), (0,0), (0,0), (0,0), (0,0), (0,0), (0,0), (0,0), (0,0)]
cannot undo
[(0,0), (0,0), (0,0), (0,0), (0,0), (0,0), (0,0), (0,0), (0,0), (0,0), (1,2), (-1,0)]
[(3,4), (0,0), (0,0), (0,0), (0,0), (0,0), (0,0), (0,0), (0,0), (0,0), (1,2), (5,6), (9,10)]
[(3,4), (0,0), (0,0), (0,0), (0,0), (0,0), (0,0), (0,0), (0,0), (0,0), (1,2)]
[(3,4), (0,0), (0,0), (0,0), (0,0), (0,0), (0,0), (0,0), (0,0), (0,0), (1,2), (5,6), (9,10)]
[(0,0), (0,0), (0,0), (0,0), (0,0), (0,0), (0,0), (0,0), (0,0), (0,0), (1,2), (5,6), (9,10)]
[(3,4), (0,0), (0,0), (0,0), (0,0), (0,0), (0,0), (0,0), (0,0), (0,0), (1,2), (5,6), (9,10)]
[(3,4), (0,0), (0,0), (0,0), (0,0), (0,0), (0,0), (0,0), (0,0), (0,0), (1,2), (5,6)]
cannot update: no origin found
cannot update: conflicts found


56 56  // max allocation and destroy number for subtask1
60 60  // max allocation and destroy number for subtask2
160 160  // max allocation and destroy number for subtask3
